2000 0000 ; "DES>"		;	DES    >                ; constante de deslocamente de 2bytes
2002 0000 ; "UM>"		;	UM     >                ; constante para adicionar na contagem de strings iguais
2004 0000 ; "DOIS>"		;	DOIS   >                ; constante de SHIFT (proximo endereco)
2006 0000 ; "DZES>"		;	DZES   >                ; constante de diferenca de endereco entre strings (dezesseis)
;ETMP1  >                ; endereco da word da string 1
2008 0000 ; "TMP1>"		;	TMP1   >                ; word da string 1
200a 0000 ; "TMP11>"		;	TMP11  >                ; PACK 1 da word unpacked da string 1
200c 0000 ; "TMP12>"		;	TMP12  >                ; PACK 2 da word unpacked da string 1
;ETMP2  >                ; endereco da word da string 2
200e 0000 ; "TMP2>"		;	TMP2   >                ; word da string 2
2010 0000 ; "TMP21>"		;	TMP21  >                ; PACK 1 da word unpacked da string 2
2012 0000 ; "TMP22>"		;	TMP22  >                ; PACK 2 da word unpacked da string 2
4000 0000 ; "ST1<"		;	ST1    <                ; endereço da primeira word da ST1
4001 0000 ; "ST2<"		;	ST2    <                ; endereco da primeira word da ST2


				;	          &   /0000   ; torna o codigo realocavel
8000 0100		;	DES       K   /0100   ;
8002 0001		;	UM        K   /0001  ; constante para adicionar na contagem de strings iguais
8004 0002		;	DOIS      k   /0002  ; constante de SHIFT (proximo endereco)
8006 0010		;	DZES      K   /0010  ; constante de diferenca de endereco entre strings (dezesseis)
;ETMP1     k   ST1     ; endereco da word da string 1
8008 0000		;	TMP1      K   /0000  ; word da string 1
800a 0000		;	TMP11     K   /0000  ; PACK 1 da word unpacked da string 1
800c 0000		;	TMP12     K   /0000  ; PACK 2 da word unpacked da string 1
;ETMP2     K   ST2     ; endereco da word da string 2
800e 0000		;	TMP2      K   /0000  ; word da string 2
8010 0000		;	TMP21     K   /0000  ; PACK 1 da word unpacked da string 2
8012 0000		;	TMP22     K   /0000  ; PACK 2 da word unpacked da string 2
